<?xml version="1.0" encoding="UTF-8"?>
<!-- Generated by org.testng.reporters.JUnitReportReporter -->
<testsuite skipped="0" hostname="DESKTOP-VTBT3RG" name="Testcase.SignUP" tests="1" failures="0" timestamp="2022-01-06T08:17:19 IST" time="0.380" errors="0">
  <testcase name="signinwithvalidvalues" time="0.380" classname="Testcase.SignUP"/>
  <system-out/>
</testsuite> <!-- Testcase.SignUP -->
