<?xml version="1.0" encoding="UTF-8"?>
<!-- Generated by org.testng.reporters.JUnitReportReporter -->
<testsuite skipped="0" hostname="DESKTOP-VTBT3RG" name="Testcase.SignUP" tests="10" failures="0" timestamp="2022-01-17T03:30:28 IST" time="75.940" errors="0">
  <testcase name="signinwithvalidvalues" time="3.599" classname="Testcase.SignUP"/>
  <system-out/>
  <testcase name="signinwithvalidvalues" time="14.720" classname="Testcase.SignUP"/>
  <system-out/>
  <testcase name="signinwithvalidvalues" time="12.547" classname="Testcase.SignUP"/>
  <system-out/>
  <testcase name="signinwithvalidvalues" time="0.227" classname="Testcase.SignUP"/>
  <system-out/>
  <testcase name="signinwithvalidvalues" time="3.625" classname="Testcase.SignUP"/>
  <system-out/>
  <testcase name="signinwithvalidvalues" time="12.891" classname="Testcase.SignUP"/>
  <system-out/>
  <testcase name="signinwithgreaterthan18years" time="13.082" classname="Testcase.SignUP"/>
  <system-out/>
  <testcase name="signinwithgreaterthan18years" time="3.585" classname="Testcase.SignUP"/>
  <system-out/>
  <testcase name="signinwithgreaterthan18years" time="3.633" classname="Testcase.SignUP"/>
  <system-out/>
  <testcase name="signinwithgreaterthan18years" time="8.031" classname="Testcase.SignUP"/>
  <system-out/>
</testsuite> <!-- Testcase.SignUP -->
