<?xml version="1.0" encoding="UTF-8"?>
<!-- Generated by org.testng.reporters.JUnitReportReporter -->
<testsuite skipped="0" hostname="DESKTOP-VTBT3RG" name="Testcase.SignUP" tests="1" failures="0" timestamp="2022-01-10T08:09:40 IST" time="6.049" errors="0">
  <testcase name="signinwithvalidvalues" time="6.049" classname="Testcase.SignUP"/>
  <system-out/>
</testsuite> <!-- Testcase.SignUP -->
